#
# There is insufficient memory for the Java Runtime Environment to continue.
# Native memory allocation (malloc) failed to allocate 32744 bytes. Error detail: Chunk::new
# Possible reasons:
#   The system is out of physical RAM or swap space
#   This process is running with CompressedOops enabled, and the Java Heap may be blocking the growth of the native heap
# Possible solutions:
#   Reduce memory load on the system
#   Increase physical memory or swap space
#   Check if swap backing store is full
#   Decrease Java heap size (-Xmx/-Xms)
#   Decrease number of Java threads
#   Decrease Java thread stack sizes (-Xss)
#   Set larger code cache with -XX:ReservedCodeCacheSize=
#   JVM is running with Unscaled Compressed Oops mode in which the Java heap is
#     placed in the first 4GB address space. The Java Heap base address is the
#     maximum limit for the native heap growth. Please use -XX:HeapBaseMinAddress
#     to set the Java Heap base and to place the Java Heap above 4GB virtual address.
# This output file may be truncated or incomplete.
#
#  Out of Memory Error (arena.cpp:149), pid=23144, tid=25164
#
# JRE version: Java(TM) SE Runtime Environment (23.0+37) (build 23+37-2369)
# Java VM: Java HotSpot(TM) 64-Bit Server VM (23+37-2369, mixed mode, sharing, tiered, compressed oops, compressed class ptrs, g1 gc, windows-amd64)
# No core dump will be written. Minidumps are not enabled by default on client versions of Windows
#

---------------  S U M M A R Y ------------

Command Line: -ea -Dfile.encoding=UTF-8 -Dstdout.encoding=UTF-8 -Dstderr.encoding=UTF-8 -XX:+ShowCodeDetailsInExceptionMessages org.testng.remote.RemoteTestNG -serport 55637 -protocol json -d C:\Users\TECQNIO\eclipse-workspace\com.ksp\test-output C:\Users\TECQNIO\eclipse-workspace\com.ksp\testng.xml

Host: Intel(R) Core(TM) i5-7300U CPU @ 2.60GHz, 4 cores, 7G,  Windows 10 , 64 bit Build 19041 (10.0.19041.4842)
Time: Thu Oct 24 12:42:45 2024 India Standard Time elapsed time: 11.687831 seconds (0d 0h 0m 11s)

---------------  T H R E A D  ---------------

Current thread (0x0000022bfc0a03c0):  JavaThread "C1 CompilerThread0" daemon [_thread_in_native, id=25164, stack(0x00000051d4a00000,0x00000051d4b00000) (1024K)]


Current CompileTask:
C1:11687 3086       3       java.lang.ref.ReferenceQueue::remove0 (64 bytes)

Stack: [0x00000051d4a00000,0x00000051d4b00000]
Native frames: (J=compiled Java code, j=interpreted, Vv=VM code, C=native code)
V  [jvm.dll+0x6e08a9]  (no source info available)
V  [jvm.dll+0x87da63]  (no source info available)
V  [jvm.dll+0x87feee]  (no source info available)
V  [jvm.dll+0x8805c3]  (no source info available)
V  [jvm.dll+0x27aee6]  (no source info available)
V  [jvm.dll+0xbc06f]  (no source info available)
V  [jvm.dll+0xbc2cb]  (no source info available)
V  [jvm.dll+0x159708]  (no source info available)
V  [jvm.dll+0x15c813]  (no source info available)
V  [jvm.dll+0x15b0f5]  (no source info available)
V  [jvm.dll+0x15463f]  (no source info available)
V  [jvm.dll+0x164c46]  (no source info available)
V  [jvm.dll+0x14fd7b]  (no source info available)
V  [jvm.dll+0x150173]  (no source info available)
V  [jvm.dll+0x1504db]  (no source info available)
V  [jvm.dll+0x14f8a8]  (no source info available)
V  [jvm.dll+0x1516ed]  (no source info available)
V  [jvm.dll+0x253cf1]  (no source info available)
V  [jvm.dll+0x251faa]  (no source info available)
V  [jvm.dll+0x3ee036]  (no source info available)
V  [jvm.dll+0x824f1b]  (no source info available)
V  [jvm.dll+0x6df055]  (no source info available)
C  [ucrtbase.dll+0x21bb2]  (no source info available)
C  [KERNEL32.DLL+0x17374]  (no source info available)
C  [ntdll.dll+0x4cc91]  (no source info available)

Lock stack of current Java thread (top to bottom):


---------------  P R O C E S S  ---------------

Threads class SMR info:
_java_thread_list=0x0000022bd5d0b750, length=27, elements={
0x0000022beca58210, 0x0000022bfc06bbb0, 0x0000022bfc06e280, 0x0000022bfc072980,
0x0000022bfc0733e0, 0x0000022bfc073e40, 0x0000022bfc0748a0, 0x0000022bfc075630,
0x0000022bfc0a03c0, 0x0000022bd4115b10, 0x0000022bd4128220, 0x0000022bd48bb1e0,
0x0000022bd51e8a10, 0x0000022bd5133300, 0x0000022bd5ddc370, 0x0000022bd5ddb650,
0x0000022bd5ddbce0, 0x0000022bd5dde440, 0x0000022bd5ddd720, 0x0000022bd5ddca00,
0x0000022bd5ddddb0, 0x0000022bd5ddd090, 0x0000022bd5ddafc0, 0x0000022bd56e1780,
0x0000022bd56e1e10, 0x0000022bd56e24a0, 0x0000022bd56e6640
}

Java Threads: ( => current thread )
  0x0000022beca58210 JavaThread "main"                              [_thread_blocked, id=8020, stack(0x00000051d3b00000,0x00000051d3c00000) (1024K)]
  0x0000022bfc06bbb0 JavaThread "Reference Handler"          daemon [_thread_blocked, id=21488, stack(0x00000051d4300000,0x00000051d4400000) (1024K)]
  0x0000022bfc06e280 JavaThread "Finalizer"                  daemon [_thread_blocked, id=6204, stack(0x00000051d4400000,0x00000051d4500000) (1024K)]
  0x0000022bfc072980 JavaThread "Signal Dispatcher"          daemon [_thread_blocked, id=9300, stack(0x00000051d4500000,0x00000051d4600000) (1024K)]
  0x0000022bfc0733e0 JavaThread "Attach Listener"            daemon [_thread_blocked, id=21608, stack(0x00000051d4600000,0x00000051d4700000) (1024K)]
  0x0000022bfc073e40 JavaThread "Service Thread"             daemon [_thread_blocked, id=19668, stack(0x00000051d4700000,0x00000051d4800000) (1024K)]
  0x0000022bfc0748a0 JavaThread "Monitor Deflation Thread"   daemon [_thread_blocked, id=24756, stack(0x00000051d4800000,0x00000051d4900000) (1024K)]
  0x0000022bfc075630 JavaThread "C2 CompilerThread0"         daemon [_thread_in_native, id=2416, stack(0x00000051d4900000,0x00000051d4a00000) (1024K)]
=>0x0000022bfc0a03c0 JavaThread "C1 CompilerThread0"         daemon [_thread_in_native, id=25164, stack(0x00000051d4a00000,0x00000051d4b00000) (1024K)]
  0x0000022bd4115b10 JavaThread "Notification Thread"        daemon [_thread_blocked, id=27140, stack(0x00000051d4b00000,0x00000051d4c00000) (1024K)]
  0x0000022bd4128220 JavaThread "Common-Cleaner"             daemon [_thread_blocked, id=28120, stack(0x00000051d4c00000,0x00000051d4d00000) (1024K)]
  0x0000022bd48bb1e0 JavaThread "ReaderThread"                      [_thread_in_native, id=29900, stack(0x00000051d4e00000,0x00000051d4f00000) (1024K)]
  0x0000022bd51e8a10 JavaThread "ForkJoinPool.commonPool-worker-1" daemon [_thread_blocked, id=19556, stack(0x00000051d5200000,0x00000051d5300000) (1024K)]
  0x0000022bd5133300 JavaThread "ForkJoinPool.commonPool-worker-2" daemon [_thread_blocked, id=20344, stack(0x00000051d5300000,0x00000051d5400000) (1024K)]
  0x0000022bd5ddc370 JavaThread "HttpClient-1-SelectorManager" daemon [_thread_in_native, id=27036, stack(0x00000051d5400000,0x00000051d5500000) (1024K)]
  0x0000022bd5ddb650 JavaThread "External Process Output Forwarder - C:\Users\TECQNIO\.cache\selenium\chromedriver\win64\129.0.6668.100\chromedriver.exe" daemon [_thread_in_native, id=15828, stack(0x00000051d5500000,0x00000051d5600000) (1024K)]
  0x0000022bd5ddbce0 JavaThread "Driver Service Executor"    daemon [_thread_blocked, id=13016, stack(0x00000051d5600000,0x00000051d5700000) (1024K)]
  0x0000022bd5dde440 JavaThread "Driver Service Executor"    daemon [_thread_in_native, id=11880, stack(0x00000051d5700000,0x00000051d5800000) (1024K)]
  0x0000022bd5ddd720 JavaThread "UrlChecker-2"               daemon [_thread_blocked, id=17480, stack(0x00000051d5800000,0x00000051d5900000) (1024K)]
  0x0000022bd5ddca00 JavaThread "Keep-Alive-Timer"           daemon [_thread_blocked, id=30344, stack(0x00000051d5900000,0x00000051d5a00000) (1024K)]
  0x0000022bd5ddddb0 JavaThread "JdkHttpClient-0-0"          daemon [_thread_blocked, id=26648, stack(0x00000051d5a00000,0x00000051d5b00000) (1024K)]
  0x0000022bd5ddd090 JavaThread "JdkHttpClient-0-1"          daemon [_thread_blocked, id=10400, stack(0x00000051d5b00000,0x00000051d5c00000) (1024K)]
  0x0000022bd5ddafc0 JavaThread "JdkHttpClient-0-2"          daemon [_thread_blocked, id=908, stack(0x00000051d5c00000,0x00000051d5d00000) (1024K)]
  0x0000022bd56e1780 JavaThread "HttpClient-2-SelectorManager" daemon [_thread_in_native, id=29160, stack(0x00000051d5d00000,0x00000051d5e00000) (1024K)]
  0x0000022bd56e1e10 JavaThread "JdkHttpClient-1-0"          daemon [_thread_blocked, id=17768, stack(0x00000051d5e00000,0x00000051d5f00000) (1024K)]
  0x0000022bd56e24a0 JavaThread "JdkHttpClient-1-1"          daemon [_thread_blocked, id=28772, stack(0x00000051d5f00000,0x00000051d6000000) (1024K)]
  0x0000022bd56e6640 JavaThread "JdkHttpClient-1-2"          daemon [_thread_blocked, id=652, stack(0x00000051d6000000,0x00000051d6100000) (1024K)]
Total: 27

Other Threads:
  0x0000022bfc0517d0 VMThread "VM Thread"                           [id=20376, stack(0x00000051d4200000,0x00000051d4300000) (1024K)]
  0x0000022bfc040640 WatcherThread "VM Periodic Task Thread"        [id=11556, stack(0x00000051d4100000,0x00000051d4200000) (1024K)]
  0x0000022beed31e10 WorkerThread "GC Thread#0"                     [id=22756, stack(0x00000051d3c00000,0x00000051d3d00000) (1024K)]
  0x0000022bd4a6a730 WorkerThread "GC Thread#1"                     [id=6848, stack(0x00000051d4f00000,0x00000051d5000000) (1024K)]
  0x0000022bd4a6aae0 WorkerThread "GC Thread#2"                     [id=12864, stack(0x00000051d5000000,0x00000051d5100000) (1024K)]
  0x0000022bd4a6ae90 WorkerThread "GC Thread#3"                     [id=16504, stack(0x00000051d5100000,0x00000051d5200000) (1024K)]
  0x0000022beed47920 ConcurrentGCThread "G1 Main Marker"            [id=1204, stack(0x00000051d3d00000,0x00000051d3e00000) (1024K)]
  0x0000022beed48340 WorkerThread "G1 Conc#0"                       [id=14072, stack(0x00000051d3e00000,0x00000051d3f00000) (1024K)]
  0x0000022beed9ea20 ConcurrentGCThread "G1 Refine#0"               [id=12856, stack(0x00000051d3f00000,0x00000051d4000000) (1024K)]
  0x0000022bfbf036a0 ConcurrentGCThread "G1 Service"                [id=21444, stack(0x00000051d4000000,0x00000051d4100000) (1024K)]
Total: 10

Threads with active compile tasks:
C2 CompilerThread0  11788 3070       4       jdk.internal.org.objectweb.asm.Frame::execute (2305 bytes)
C1 CompilerThread0  11788 3086       3       java.lang.ref.ReferenceQueue::remove0 (64 bytes)
Total: 2

VM state: not at safepoint (normal execution)

VM Mutex/Monitor currently owned by a thread: None

Heap address: 0x0000000081c00000, size: 2020 MB, Compressed Oops mode: 32-bit

CDS archive(s) mapped at: [0x0000022b8f000000-0x0000022b8fd70000-0x0000022b8fd70000), size 14090240, SharedBaseAddress: 0x0000022b8f000000, ArchiveRelocationMode: 1.
Compressed class space mapped at: 0x0000022b90000000-0x0000022bd0000000, reserved size: 1073741824
Narrow klass base: 0x0000022b8f000000, Narrow klass shift: 0, Narrow klass range: 0x41000000

GC Precious Log:
 CardTable entry size: 512
 Card Set container configuration: InlinePtr #cards 5 size 8 Array Of Cards #cards 10 size 36 Howl #buckets 4 coarsen threshold 1843 Howl Bitmap #cards 512 size 80 coarsen threshold 460 Card regions per heap region 1 cards per card region 2048
 CPUs: 4 total, 4 available
 Memory: 8073M
 Large Page Support: Disabled
 NUMA Support: Disabled
 Compressed Oops: Enabled (32-bit)
 Heap Region Size: 1M
 Heap Min Capacity: 8M
 Heap Initial Capacity: 128M
 Heap Max Capacity: 2020M
 Pre-touch: Disabled
 Parallel Workers: 4
 Concurrent Workers: 1
 Concurrent Refinement Workers: 4
 Periodic GC: Disabled

Heap:
 garbage-first heap   total reserved 2068480K, committed 131072K, used 18008K [0x0000000081c00000, 0x0000000100000000)
  region size 1024K, 6 young (6144K), 4 survivors (4096K)
 Metaspace       used 20032K, committed 20480K, reserved 1114112K
  class space    used 2482K, committed 2688K, reserved 1048576K

Heap Regions: E=young(eden), S=young(survivor), O=old, HS=humongous(starts), HC=humongous(continues), CS=collection set, F=free, TAMS=top-at-mark-start, PB=parsable bottom
|   0|0x0000000081c00000, 0x0000000081d00000, 0x0000000081d00000|100%|HS|  |TAMS 0x0000000081c00000| PB 0x0000000081c00000| Complete |  0
|   1|0x0000000081d00000, 0x0000000081e00000, 0x0000000081e00000|100%| O|  |TAMS 0x0000000081d00000| PB 0x0000000081d00000| Untracked |  0
|   2|0x0000000081e00000, 0x0000000081f00000, 0x0000000081f00000|100%| O|  |TAMS 0x0000000081e00000| PB 0x0000000081e00000| Untracked |  0
|   3|0x0000000081f00000, 0x0000000082000000, 0x0000000082000000|100%| O|  |TAMS 0x0000000081f00000| PB 0x0000000081f00000| Untracked |  0
|   4|0x0000000082000000, 0x0000000082100000, 0x0000000082100000|100%| O|  |TAMS 0x0000000082000000| PB 0x0000000082000000| Untracked |  0
|   5|0x0000000082100000, 0x0000000082200000, 0x0000000082200000|100%| O|  |TAMS 0x0000000082100000| PB 0x0000000082100000| Untracked |  0
|   6|0x0000000082200000, 0x0000000082300000, 0x0000000082300000|100%| O|  |TAMS 0x0000000082200000| PB 0x0000000082200000| Untracked |  0
|   7|0x0000000082300000, 0x0000000082400000, 0x0000000082400000|100%| O|  |TAMS 0x0000000082300000| PB 0x0000000082300000| Untracked |  0
|   8|0x0000000082400000, 0x0000000082500000, 0x0000000082500000|100%| O|  |TAMS 0x0000000082400000| PB 0x0000000082400000| Untracked |  0
|   9|0x0000000082500000, 0x0000000082600000, 0x0000000082600000|100%| O|  |TAMS 0x0000000082500000| PB 0x0000000082500000| Untracked |  0
|  10|0x0000000082600000, 0x0000000082700000, 0x0000000082700000|100%| O|  |TAMS 0x0000000082600000| PB 0x0000000082600000| Untracked |  0
|  11|0x0000000082700000, 0x0000000082800000, 0x0000000082800000|100%| O|  |TAMS 0x0000000082700000| PB 0x0000000082700000| Untracked |  0
|  12|0x0000000082800000, 0x0000000082900000, 0x0000000082900000|100%| O|  |TAMS 0x0000000082800000| PB 0x0000000082800000| Untracked |  0
|  13|0x0000000082900000, 0x0000000082964420, 0x0000000082a00000| 39%| O|  |TAMS 0x0000000082900000| PB 0x0000000082900000| Untracked |  0
|  14|0x0000000082a00000, 0x0000000082a00000, 0x0000000082b00000|  0%| F|  |TAMS 0x0000000082a00000| PB 0x0000000082a00000| Untracked |  0
|  15|0x0000000082b00000, 0x0000000082b00000, 0x0000000082c00000|  0%| F|  |TAMS 0x0000000082b00000| PB 0x0000000082b00000| Untracked |  0
|  16|0x0000000082c00000, 0x0000000082c00000, 0x0000000082d00000|  0%| F|  |TAMS 0x0000000082c00000| PB 0x0000000082c00000| Untracked |  0
|  17|0x0000000082d00000, 0x0000000082d00000, 0x0000000082e00000|  0%| F|  |TAMS 0x0000000082d00000| PB 0x0000000082d00000| Untracked |  0
|  18|0x0000000082e00000, 0x0000000082e00000, 0x0000000082f00000|  0%| F|  |TAMS 0x0000000082e00000| PB 0x0000000082e00000| Untracked |  0
|  19|0x0000000082f00000, 0x0000000082f00000, 0x0000000083000000|  0%| F|  |TAMS 0x0000000082f00000| PB 0x0000000082f00000| Untracked |  0
|  20|0x0000000083000000, 0x0000000083000000, 0x0000000083100000|  0%| F|  |TAMS 0x0000000083000000| PB 0x0000000083000000| Untracked |  0
|  21|0x0000000083100000, 0x0000000083100000, 0x0000000083200000|  0%| F|  |TAMS 0x0000000083100000| PB 0x0000000083100000| Untracked |  0
|  22|0x0000000083200000, 0x0000000083200000, 0x0000000083300000|  0%| F|  |TAMS 0x0000000083200000| PB 0x0000000083200000| Untracked |  0
|  23|0x0000000083300000, 0x0000000083300000, 0x0000000083400000|  0%| F|  |TAMS 0x0000000083300000| PB 0x0000000083300000| Untracked |  0
|  24|0x0000000083400000, 0x0000000083400000, 0x0000000083500000|  0%| F|  |TAMS 0x0000000083400000| PB 0x0000000083400000| Untracked |  0
|  25|0x0000000083500000, 0x0000000083500000, 0x0000000083600000|  0%| F|  |TAMS 0x0000000083500000| PB 0x0000000083500000| Untracked |  0
|  26|0x0000000083600000, 0x0000000083600000, 0x0000000083700000|  0%| F|  |TAMS 0x0000000083600000| PB 0x0000000083600000| Untracked |  0
|  27|0x0000000083700000, 0x0000000083700000, 0x0000000083800000|  0%| F|  |TAMS 0x0000000083700000| PB 0x0000000083700000| Untracked |  0
|  28|0x0000000083800000, 0x0000000083800000, 0x0000000083900000|  0%| F|  |TAMS 0x0000000083800000| PB 0x0000000083800000| Untracked |  0
|  29|0x0000000083900000, 0x0000000083900000, 0x0000000083a00000|  0%| F|  |TAMS 0x0000000083900000| PB 0x0000000083900000| Untracked |  0
|  30|0x0000000083a00000, 0x0000000083a00000, 0x0000000083b00000|  0%| F|  |TAMS 0x0000000083a00000| PB 0x0000000083a00000| Untracked |  0
|  31|0x0000000083b00000, 0x0000000083b00000, 0x0000000083c00000|  0%| F|  |TAMS 0x0000000083b00000| PB 0x0000000083b00000| Untracked |  0
|  32|0x0000000083c00000, 0x0000000083c00000, 0x0000000083d00000|  0%| F|  |TAMS 0x0000000083c00000| PB 0x0000000083c00000| Untracked |  0
|  33|0x0000000083d00000, 0x0000000083d00000, 0x0000000083e00000|  0%| F|  |TAMS 0x0000000083d00000| PB 0x0000000083d00000| Untracked |  0
|  34|0x0000000083e00000, 0x0000000083e00000, 0x0000000083f00000|  0%| F|  |TAMS 0x0000000083e00000| PB 0x0000000083e00000| Untracked |  0
|  35|0x0000000083f00000, 0x0000000083f00000, 0x0000000084000000|  0%| F|  |TAMS 0x0000000083f00000| PB 0x0000000083f00000| Untracked |  0
|  36|0x0000000084000000, 0x0000000084000000, 0x0000000084100000|  0%| F|  |TAMS 0x0000000084000000| PB 0x0000000084000000| Untracked |  0
|  37|0x0000000084100000, 0x0000000084100000, 0x0000000084200000|  0%| F|  |TAMS 0x0000000084100000| PB 0x0000000084100000| Untracked |  0
|  38|0x0000000084200000, 0x0000000084200000, 0x0000000084300000|  0%| F|  |TAMS 0x0000000084200000| PB 0x0000000084200000| Untracked |  0
|  39|0x0000000084300000, 0x0000000084300000, 0x0000000084400000|  0%| F|  |TAMS 0x0000000084300000| PB 0x0000000084300000| Untracked |  0
|  40|0x0000000084400000, 0x0000000084400000, 0x0000000084500000|  0%| F|  |TAMS 0x0000000084400000| PB 0x0000000084400000| Untracked |  0
|  41|0x0000000084500000, 0x0000000084500000, 0x0000000084600000|  0%| F|  |TAMS 0x0000000084500000| PB 0x0000000084500000| Untracked |  0
|  42|0x0000000084600000, 0x0000000084600000, 0x0000000084700000|  0%| F|  |TAMS 0x0000000084600000| PB 0x0000000084600000| Untracked |  0
|  43|0x0000000084700000, 0x0000000084700000, 0x0000000084800000|  0%| F|  |TAMS 0x0000000084700000| PB 0x0000000084700000| Untracked |  0
|  44|0x0000000084800000, 0x0000000084800000, 0x0000000084900000|  0%| F|  |TAMS 0x0000000084800000| PB 0x0000000084800000| Untracked |  0
|  45|0x0000000084900000, 0x0000000084900000, 0x0000000084a00000|  0%| F|  |TAMS 0x0000000084900000| PB 0x0000000084900000| Untracked |  0
|  46|0x0000000084a00000, 0x0000000084a00000, 0x0000000084b00000|  0%| F|  |TAMS 0x0000000084a00000| PB 0x0000000084a00000| Untracked |  0
|  47|0x0000000084b00000, 0x0000000084b00000, 0x0000000084c00000|  0%| F|  |TAMS 0x0000000084b00000| PB 0x0000000084b00000| Untracked |  0
|  48|0x0000000084c00000, 0x0000000084c00000, 0x0000000084d00000|  0%| F|  |TAMS 0x0000000084c00000| PB 0x0000000084c00000| Untracked |  0
|  49|0x0000000084d00000, 0x0000000084d00000, 0x0000000084e00000|  0%| F|  |TAMS 0x0000000084d00000| PB 0x0000000084d00000| Untracked |  0
|  50|0x0000000084e00000, 0x0000000084e00000, 0x0000000084f00000|  0%| F|  |TAMS 0x0000000084e00000| PB 0x0000000084e00000| Untracked |  0
|  51|0x0000000084f00000, 0x0000000084f00000, 0x0000000085000000|  0%| F|  |TAMS 0x0000000084f00000| PB 0x0000000084f00000| Untracked |  0
|  52|0x0000000085000000, 0x0000000085000000, 0x0000000085100000|  0%| F|  |TAMS 0x0000000085000000| PB 0x0000000085000000| Untracked |  0
|  53|0x0000000085100000, 0x0000000085100000, 0x0000000085200000|  0%| F|  |TAMS 0x0000000085100000| PB 0x0000000085100000| Untracked |  0
|  54|0x0000000085200000, 0x0000000085200000, 0x0000000085300000|  0%| F|  |TAMS 0x0000000085200000| PB 0x0000000085200000| Untracked |  0
|  55|0x0000000085300000, 0x0000000085300000, 0x0000000085400000|  0%| F|  |TAMS 0x0000000085300000| PB 0x0000000085300000| Untracked |  0
|  56|0x0000000085400000, 0x0000000085400000, 0x0000000085500000|  0%| F|  |TAMS 0x0000000085400000| PB 0x0000000085400000| Untracked |  0
|  57|0x0000000085500000, 0x0000000085500000, 0x0000000085600000|  0%| F|  |TAMS 0x0000000085500000| PB 0x0000000085500000| Untracked |  0
|  58|0x0000000085600000, 0x0000000085600000, 0x0000000085700000|  0%| F|  |TAMS 0x0000000085600000| PB 0x0000000085600000| Untracked |  0
|  59|0x0000000085700000, 0x0000000085700000, 0x0000000085800000|  0%| F|  |TAMS 0x0000000085700000| PB 0x0000000085700000| Untracked |  0
|  60|0x0000000085800000, 0x0000000085800000, 0x0000000085900000|  0%| F|  |TAMS 0x0000000085800000| PB 0x0000000085800000| Untracked |  0
|  61|0x0000000085900000, 0x0000000085900000, 0x0000000085a00000|  0%| F|  |TAMS 0x0000000085900000| PB 0x0000000085900000| Untracked |  0
|  62|0x0000000085a00000, 0x0000000085a00000, 0x0000000085b00000|  0%| F|  |TAMS 0x0000000085a00000| PB 0x0000000085a00000| Untracked |  0
|  63|0x0000000085b00000, 0x0000000085b00000, 0x0000000085c00000|  0%| F|  |TAMS 0x0000000085b00000| PB 0x0000000085b00000| Untracked |  0
|  64|0x0000000085c00000, 0x0000000085c00000, 0x0000000085d00000|  0%| F|  |TAMS 0x0000000085c00000| PB 0x0000000085c00000| Untracked |  0
|  65|0x0000000085d00000, 0x0000000085d00000, 0x0000000085e00000|  0%| F|  |TAMS 0x0000000085d00000| PB 0x0000000085d00000| Untracked |  0
|  66|0x0000000085e00000, 0x0000000085e00000, 0x0000000085f00000|  0%| F|  |TAMS 0x0000000085e00000| PB 0x0000000085e00000| Untracked |  0
|  67|0x0000000085f00000, 0x0000000085f00000, 0x0000000086000000|  0%| F|  |TAMS 0x0000000085f00000| PB 0x0000000085f00000| Untracked |  0
|  68|0x0000000086000000, 0x0000000086000000, 0x0000000086100000|  0%| F|  |TAMS 0x0000000086000000| PB 0x0000000086000000| Untracked |  0
|  69|0x0000000086100000, 0x0000000086100000, 0x0000000086200000|  0%| F|  |TAMS 0x0000000086100000| PB 0x0000000086100000| Untracked |  0
|  70|0x0000000086200000, 0x0000000086200000, 0x0000000086300000|  0%| F|  |TAMS 0x0000000086200000| PB 0x0000000086200000| Untracked |  0
|  71|0x0000000086300000, 0x0000000086300000, 0x0000000086400000|  0%| F|  |TAMS 0x0000000086300000| PB 0x0000000086300000| Untracked |  0
|  72|0x0000000086400000, 0x0000000086400000, 0x0000000086500000|  0%| F|  |TAMS 0x0000000086400000| PB 0x0000000086400000| Untracked |  0
|  73|0x0000000086500000, 0x0000000086500000, 0x0000000086600000|  0%| F|  |TAMS 0x0000000086500000| PB 0x0000000086500000| Untracked |  0
|  74|0x0000000086600000, 0x0000000086600000, 0x0000000086700000|  0%| F|  |TAMS 0x0000000086600000| PB 0x0000000086600000| Untracked |  0
|  75|0x0000000086700000, 0x0000000086700000, 0x0000000086800000|  0%| F|  |TAMS 0x0000000086700000| PB 0x0000000086700000| Untracked |  0
|  76|0x0000000086800000, 0x0000000086800000, 0x0000000086900000|  0%| F|  |TAMS 0x0000000086800000| PB 0x0000000086800000| Untracked |  0
|  77|0x0000000086900000, 0x0000000086900000, 0x0000000086a00000|  0%| F|  |TAMS 0x0000000086900000| PB 0x0000000086900000| Untracked |  0
|  78|0x0000000086a00000, 0x0000000086a00000, 0x0000000086b00000|  0%| F|  |TAMS 0x0000000086a00000| PB 0x0000000086a00000| Untracked |  0
|  79|0x0000000086b00000, 0x0000000086b00000, 0x0000000086c00000|  0%| F|  |TAMS 0x0000000086b00000| PB 0x0000000086b00000| Untracked |  0
|  80|0x0000000086c00000, 0x0000000086c00000, 0x0000000086d00000|  0%| F|  |TAMS 0x0000000086c00000| PB 0x0000000086c00000| Untracked |  0
|  81|0x0000000086d00000, 0x0000000086d00000, 0x0000000086e00000|  0%| F|  |TAMS 0x0000000086d00000| PB 0x0000000086d00000| Untracked |  0
|  82|0x0000000086e00000, 0x0000000086e00000, 0x0000000086f00000|  0%| F|  |TAMS 0x0000000086e00000| PB 0x0000000086e00000| Untracked |  0
|  83|0x0000000086f00000, 0x0000000086f00000, 0x0000000087000000|  0%| F|  |TAMS 0x0000000086f00000| PB 0x0000000086f00000| Untracked |  0
|  84|0x0000000087000000, 0x0000000087000000, 0x0000000087100000|  0%| F|  |TAMS 0x0000000087000000| PB 0x0000000087000000| Untracked |  0
|  85|0x0000000087100000, 0x0000000087100000, 0x0000000087200000|  0%| F|  |TAMS 0x0000000087100000| PB 0x0000000087100000| Untracked |  0
|  86|0x0000000087200000, 0x0000000087200000, 0x0000000087300000|  0%| F|  |TAMS 0x0000000087200000| PB 0x0000000087200000| Untracked |  0
|  87|0x0000000087300000, 0x0000000087300000, 0x0000000087400000|  0%| F|  |TAMS 0x0000000087300000| PB 0x0000000087300000| Untracked |  0
|  88|0x0000000087400000, 0x0000000087400000, 0x0000000087500000|  0%| F|  |TAMS 0x0000000087400000| PB 0x0000000087400000| Untracked |  0
|  89|0x0000000087500000, 0x0000000087500000, 0x0000000087600000|  0%| F|  |TAMS 0x0000000087500000| PB 0x0000000087500000| Untracked |  0
|  90|0x0000000087600000, 0x0000000087600000, 0x0000000087700000|  0%| F|  |TAMS 0x0000000087600000| PB 0x0000000087600000| Untracked |  0
|  91|0x0000000087700000, 0x0000000087700000, 0x0000000087800000|  0%| F|  |TAMS 0x0000000087700000| PB 0x0000000087700000| Untracked |  0
|  92|0x0000000087800000, 0x0000000087800000, 0x0000000087900000|  0%| F|  |TAMS 0x0000000087800000| PB 0x0000000087800000| Untracked |  0
|  93|0x0000000087900000, 0x0000000087900000, 0x0000000087a00000|  0%| F|  |TAMS 0x0000000087900000| PB 0x0000000087900000| Untracked |  0
|  94|0x0000000087a00000, 0x0000000087a00000, 0x0000000087b00000|  0%| F|  |TAMS 0x0000000087a00000| PB 0x0000000087a00000| Untracked |  0
|  95|0x0000000087b00000, 0x0000000087b00000, 0x0000000087c00000|  0%| F|  |TAMS 0x0000000087b00000| PB 0x0000000087b00000| Untracked |  0
|  96|0x0000000087c00000, 0x0000000087c00000, 0x0000000087d00000|  0%| F|  |TAMS 0x0000000087c00000| PB 0x0000000087c00000| Untracked |  0
|  97|0x0000000087d00000, 0x0000000087d00000, 0x0000000087e00000|  0%| F|  |TAMS 0x0000000087d00000| PB 0x0000000087d00000| Untracked |  0
|  98|0x0000000087e00000, 0x0000000087e00000, 0x0000000087f00000|  0%| F|  |TAMS 0x0000000087e00000| PB 0x0000000087e00000| Untracked |  0
|  99|0x0000000087f00000, 0x0000000087f31be8, 0x0000000088000000| 19%| S|CS|TAMS 0x0000000087f00000| PB 0x0000000087f00000| Complete |  0
| 100|0x0000000088000000, 0x0000000088100000, 0x0000000088100000|100%| S|CS|TAMS 0x0000000088000000| PB 0x0000000088000000| Complete |  0
| 101|0x0000000088100000, 0x0000000088200000, 0x0000000088200000|100%| S|CS|TAMS 0x0000000088100000| PB 0x0000000088100000| Complete |  0
| 102|0x0000000088200000, 0x0000000088300000, 0x0000000088300000|100%| S|CS|TAMS 0x0000000088200000| PB 0x0000000088200000| Complete |  0
| 103|0x0000000088300000, 0x0000000088300000, 0x0000000088400000|  0%| F|  |TAMS 0x0000000088300000| PB 0x0000000088300000| Untracked |  0
| 104|0x0000000088400000, 0x0000000088400000, 0x0000000088500000|  0%| F|  |TAMS 0x0000000088400000| PB 0x0000000088400000| Untracked |  0
| 105|0x0000000088500000, 0x0000000088500000, 0x0000000088600000|  0%| F|  |TAMS 0x0000000088500000| PB 0x0000000088500000| Untracked |  0
| 106|0x0000000088600000, 0x0000000088600000, 0x0000000088700000|  0%| F|  |TAMS 0x0000000088600000| PB 0x0000000088600000| Untracked |  0
| 107|0x0000000088700000, 0x0000000088700000, 0x0000000088800000|  0%| F|  |TAMS 0x0000000088700000| PB 0x0000000088700000| Untracked |  0
| 108|0x0000000088800000, 0x0000000088800000, 0x0000000088900000|  0%| F|  |TAMS 0x0000000088800000| PB 0x0000000088800000| Untracked |  0
| 109|0x0000000088900000, 0x0000000088900000, 0x0000000088a00000|  0%| F|  |TAMS 0x0000000088900000| PB 0x0000000088900000| Untracked |  0
| 110|0x0000000088a00000, 0x0000000088a00000, 0x0000000088b00000|  0%| F|  |TAMS 0x0000000088a00000| PB 0x0000000088a00000| Untracked |  0
| 111|0x0000000088b00000, 0x0000000088b00000, 0x0000000088c00000|  0%| F|  |TAMS 0x0000000088b00000| PB 0x0000000088b00000| Untracked |  0
| 112|0x0000000088c00000, 0x0000000088c00000, 0x0000000088d00000|  0%| F|  |TAMS 0x0000000088c00000| PB 0x0000000088c00000| Untracked |  0
| 113|0x0000000088d00000, 0x0000000088d00000, 0x0000000088e00000|  0%| F|  |TAMS 0x0000000088d00000| PB 0x0000000088d00000| Untracked |  0
| 114|0x0000000088e00000, 0x0000000088e00000, 0x0000000088f00000|  0%| F|  |TAMS 0x0000000088e00000| PB 0x0000000088e00000| Untracked |  0
| 115|0x0000000088f00000, 0x0000000088f00000, 0x0000000089000000|  0%| F|  |TAMS 0x0000000088f00000| PB 0x0000000088f00000| Untracked |  0
| 116|0x0000000089000000, 0x0000000089000000, 0x0000000089100000|  0%| F|  |TAMS 0x0000000089000000| PB 0x0000000089000000| Untracked |  0
| 117|0x0000000089100000, 0x0000000089100000, 0x0000000089200000|  0%| F|  |TAMS 0x0000000089100000| PB 0x0000000089100000| Untracked |  0
| 118|0x0000000089200000, 0x0000000089200000, 0x0000000089300000|  0%| F|  |TAMS 0x0000000089200000| PB 0x0000000089200000| Untracked |  0
| 119|0x0000000089300000, 0x0000000089300000, 0x0000000089400000|  0%| F|  |TAMS 0x0000000089300000| PB 0x0000000089300000| Untracked |  0
| 120|0x0000000089400000, 0x0000000089400000, 0x0000000089500000|  0%| F|  |TAMS 0x0000000089400000| PB 0x0000000089400000| Untracked |  0
| 121|0x0000000089500000, 0x0000000089500000, 0x0000000089600000|  0%| F|  |TAMS 0x0000000089500000| PB 0x0000000089500000| Untracked |  0
| 122|0x0000000089600000, 0x0000000089600000, 0x0000000089700000|  0%| F|  |TAMS 0x0000000089600000| PB 0x0000000089600000| Untracked |  0
| 123|0x0000000089700000, 0x0000000089700000, 0x0000000089800000|  0%| F|  |TAMS 0x0000000089700000| PB 0x0000000089700000| Untracked |  0
| 124|0x0000000089800000, 0x0000000089800000, 0x0000000089900000|  0%| F|  |TAMS 0x0000000089800000| PB 0x0000000089800000| Untracked |  0
| 125|0x0000000089900000, 0x0000000089900000, 0x0000000089a00000|  0%| F|  |TAMS 0x0000000089900000| PB 0x0000000089900000| Untracked |  0
| 126|0x0000000089a00000, 0x0000000089a7e0f0, 0x0000000089b00000| 49%| E|  |TAMS 0x0000000089a00000| PB 0x0000000089a00000| Complete |  0
| 127|0x0000000089b00000, 0x0000000089c00000, 0x0000000089c00000|100%| E|CS|TAMS 0x0000000089b00000| PB 0x0000000089b00000| Complete |  0

Card table byte_map: [0x0000022bf7810000,0x0000022bf7c10000] _byte_map_base: 0x0000022bf7402000

Marking Bits: (CMBitMap*) 0x0000022beed32430
 Bits: [0x0000022bf7c10000, 0x0000022bf9ba0000)

Polling page: 0x0000022beccb0000

Metaspace:

Usage:
  Non-class:     17.14 MB used.
      Class:      2.42 MB used.
       Both:     19.56 MB used.

Virtual space:
  Non-class space:       64.00 MB reserved,      17.38 MB ( 27%) committed,  1 nodes.
      Class space:        1.00 GB reserved,       2.62 MB ( <1%) committed,  1 nodes.
             Both:        1.06 GB reserved,      20.00 MB (  2%) committed. 

Chunk freelists:
   Non-Class:  13.83 MB
       Class:  13.41 MB
        Both:  27.24 MB

MaxMetaspaceSize: unlimited
CompressedClassSpaceSize: 1.00 GB
Initial GC threshold: 21.00 MB
Current GC threshold: 21.00 MB
CDS: on
 - commit_granule_bytes: 65536.
 - commit_granule_words: 8192.
 - virtual_space_node_default_size: 8388608.
 - enlarge_chunks_in_place: 1.
 - use_allocation_guard: 0.


Internal statistics:

num_allocs_failed_limit: 0.
num_arena_births: 492.
num_arena_deaths: 0.
num_vsnodes_births: 2.
num_vsnodes_deaths: 0.
num_space_committed: 320.
num_space_uncommitted: 0.
num_chunks_returned_to_freelist: 0.
num_chunks_taken_from_freelist: 1036.
num_chunk_merges: 0.
num_chunk_splits: 621.
num_chunks_enlarged: 363.
num_inconsistent_stats: 0.

CodeHeap 'non-profiled nmethods': size=120064Kb used=1029Kb max_used=1029Kb free=119034Kb
 bounds [0x0000022b87ac0000, 0x0000022b87d30000, 0x0000022b8f000000]
CodeHeap 'profiled nmethods': size=120000Kb used=4645Kb max_used=4645Kb free=115354Kb
 bounds [0x0000022b80000000, 0x0000022b80490000, 0x0000022b87530000]
CodeHeap 'non-nmethods': size=5696Kb used=1539Kb max_used=1588Kb free=4156Kb
 bounds [0x0000022b87530000, 0x0000022b877a0000, 0x0000022b87ac0000]
CodeCache: size=245760Kb, used=7213Kb, max_used=7262Kb, free=238544Kb
 total_blobs=3698, nmethods=3083, adapters=520, full_count=0
Compilation: enabled, stopped_count=0, restarted_count=0

Compilation events (20 events):
Event: 11.657 Thread 0x0000022bfc0a03c0 nmethod 3076 0x0000022b80485c88 code [0x0000022b80485dc0, 0x0000022b80486088]
Event: 11.680 Thread 0x0000022bfc0a03c0 3077       3       java.util.concurrent.locks.ReentrantLock$Sync::isHeldExclusively (16 bytes)
Event: 11.681 Thread 0x0000022bfc0a03c0 nmethod 3077 0x0000022b80486108 code [0x0000022b80486220, 0x0000022b804863b0]
Event: 11.681 Thread 0x0000022bfc0a03c0 3078   !   3       java.lang.ref.ReferenceQueue::enqueue (32 bytes)
Event: 11.681 Thread 0x0000022bfc0a03c0 nmethod 3078 0x0000022b80486408 code [0x0000022b804865c0, 0x0000022b80486ef8]
Event: 11.681 Thread 0x0000022bfc0a03c0 3081   !   3       java.lang.ref.NativeReferenceQueue::enqueue (20 bytes)
Event: 11.682 Thread 0x0000022bfc0a03c0 nmethod 3081 0x0000022b80486f88 code [0x0000022b804870c0, 0x0000022b80487390]
Event: 11.682 Thread 0x0000022bfc0a03c0 3082       3       java.lang.ref.NativeReferenceQueue::signal (8 bytes)
Event: 11.682 Thread 0x0000022bfc0a03c0 nmethod 3082 0x0000022b80487408 code [0x0000022b80487520, 0x0000022b80487660]
Event: 11.682 Thread 0x0000022bfc0a03c0 3079       3       java.lang.ref.ReferenceQueue::signal (10 bytes)
Event: 11.682 Thread 0x0000022bfc0a03c0 nmethod 3079 0x0000022b80487708 code [0x0000022b80487860, 0x0000022b80487c58]
Event: 11.682 Thread 0x0000022bfc0a03c0 3080       3       java.util.concurrent.locks.AbstractQueuedSynchronizer$ConditionObject::signalAll (34 bytes)
Event: 11.682 Thread 0x0000022bfc0a03c0 nmethod 3080 0x0000022b80487c88 code [0x0000022b80487de0, 0x0000022b80488128]
Event: 11.682 Thread 0x0000022bfc0a03c0 3085   !   3       java.lang.ref.ReferenceQueue::remove (61 bytes)
Event: 11.683 Thread 0x0000022bfc0a03c0 nmethod 3085 0x0000022b80488188 code [0x0000022b80488380, 0x0000022b80488f00]
Event: 11.683 Thread 0x0000022bfc0a03c0 3083   !   3       jdk.internal.ref.PhantomCleanable::isListEmpty (34 bytes)
Event: 11.683 Thread 0x0000022bfc0a03c0 nmethod 3083 0x0000022b80488f88 code [0x0000022b804890a0, 0x0000022b80489390]
Event: 11.683 Thread 0x0000022bfc0a03c0 3084       3       jdk.internal.misc.InnocuousThread::eraseThreadLocals (23 bytes)
Event: 11.683 Thread 0x0000022bfc0a03c0 nmethod 3084 0x0000022b80489408 code [0x0000022b80489520, 0x0000022b80489708]
Event: 11.683 Thread 0x0000022bfc0a03c0 3086       3       java.lang.ref.ReferenceQueue::remove0 (64 bytes)

GC Heap History (8 events):
Event: 2.246 GC heap before
{Heap before GC invocations=0 (full 0):
 garbage-first heap   total reserved 2068480K, committed 131072K, used 15360K [0x0000000081c00000, 0x0000000100000000)
  region size 1024K, 14 young (14336K), 0 survivors (0K)
 Metaspace       used 5289K, committed 5504K, reserved 1114112K
  class space    used 600K, committed 704K, reserved 1048576K
}
Event: 2.258 GC heap after
{Heap after GC invocations=1 (full 0):
 garbage-first heap   total reserved 2068480K, committed 131072K, used 5704K [0x0000000081c00000, 0x0000000100000000)
  region size 1024K, 2 young (2048K), 2 survivors (2048K)
 Metaspace       used 5289K, committed 5504K, reserved 1114112K
  class space    used 600K, committed 704K, reserved 1048576K
}
Event: 2.939 GC heap before
{Heap before GC invocations=1 (full 0):
 garbage-first heap   total reserved 2068480K, committed 131072K, used 17992K [0x0000000081c00000, 0x0000000100000000)
  region size 1024K, 14 young (14336K), 2 survivors (2048K)
 Metaspace       used 8306K, committed 8640K, reserved 1114112K
  class space    used 1016K, committed 1152K, reserved 1048576K
}
Event: 2.943 GC heap after
{Heap after GC invocations=2 (full 0):
 garbage-first heap   total reserved 2068480K, committed 131072K, used 6731K [0x0000000081c00000, 0x0000000100000000)
  region size 1024K, 1 young (1024K), 1 survivors (1024K)
 Metaspace       used 8306K, committed 8640K, reserved 1114112K
  class space    used 1016K, committed 1152K, reserved 1048576K
}
Event: 4.380 GC heap before
{Heap before GC invocations=2 (full 0):
 garbage-first heap   total reserved 2068480K, committed 131072K, used 40523K [0x0000000081c00000, 0x0000000100000000)
  region size 1024K, 35 young (35840K), 1 survivors (1024K)
 Metaspace       used 13180K, committed 13568K, reserved 1114112K
  class space    used 1496K, committed 1664K, reserved 1048576K
}
Event: 4.394 GC heap after
{Heap after GC invocations=3 (full 0):
 garbage-first heap   total reserved 2068480K, committed 131072K, used 13565K [0x0000000081c00000, 0x0000000100000000)
  region size 1024K, 5 young (5120K), 5 survivors (5120K)
 Metaspace       used 13180K, committed 13568K, reserved 1114112K
  class space    used 1496K, committed 1664K, reserved 1048576K
}
Event: 11.666 GC heap before
{Heap before GC invocations=3 (full 0):
 garbage-first heap   total reserved 2068480K, committed 131072K, used 39165K [0x0000000081c00000, 0x0000000100000000)
  region size 1024K, 30 young (30720K), 5 survivors (5120K)
 Metaspace       used 19906K, committed 20352K, reserved 1114112K
  class space    used 2458K, committed 2688K, reserved 1048576K
}
Event: 11.680 GC heap after
{Heap after GC invocations=4 (full 0):
 garbage-first heap   total reserved 2068480K, committed 131072K, used 16984K [0x0000000081c00000, 0x0000000100000000)
  region size 1024K, 4 young (4096K), 4 survivors (4096K)
 Metaspace       used 19906K, committed 20352K, reserved 1114112K
  class space    used 2458K, committed 2688K, reserved 1048576K
}

Dll operation events (9 events):
Event: 0.013 Loaded shared library C:\Program Files\Java\jdk-23\bin\java.dll
Event: 0.079 Loaded shared library C:\Program Files\Java\jdk-23\bin\jsvml.dll
Event: 0.346 Loaded shared library C:\Program Files\Java\jdk-23\bin\net.dll
Event: 0.348 Loaded shared library C:\Program Files\Java\jdk-23\bin\nio.dll
Event: 0.358 Loaded shared library C:\Program Files\Java\jdk-23\bin\zip.dll
Event: 1.386 Loaded shared library C:\Program Files\Java\jdk-23\bin\jimage.dll
Event: 1.799 Loaded shared library C:\Program Files\Java\jdk-23\bin\extnet.dll
Event: 3.603 Loaded shared library C:\Program Files\Java\jdk-23\bin\verify.dll
Event: 4.863 Loaded shared library C:\Program Files\Java\jdk-23\bin\sunmscapi.dll

Deoptimization events (20 events):
Event: 5.019 Thread 0x0000022beca58210 Uncommon trap: trap_request=0xffffffde fr.pc=0x0000022b87b6dbb0 relative=0x00000000000002d0
Event: 5.019 Thread 0x0000022beca58210 Uncommon trap: reason=class_check action=maybe_recompile pc=0x0000022b87b6dbb0 method=java.util.regex.Pattern$BmpCharPropertyGreedy.match(Ljava/util/regex/Matcher;ILjava/lang/CharSequence;)Z @ 26 c2
Event: 5.019 Thread 0x0000022beca58210 DEOPT PACKING pc=0x0000022b87b6dbb0 sp=0x00000051d3bfcdf0
Event: 5.019 Thread 0x0000022beca58210 DEOPT UNPACKING pc=0x0000022b87584402 sp=0x00000051d3bfcdb8 mode 2
Event: 5.019 Thread 0x0000022beca58210 Uncommon trap: trap_request=0xffffffde fr.pc=0x0000022b87b6dbb0 relative=0x00000000000002d0
Event: 5.019 Thread 0x0000022beca58210 Uncommon trap: reason=class_check action=maybe_recompile pc=0x0000022b87b6dbb0 method=java.util.regex.Pattern$BmpCharPropertyGreedy.match(Ljava/util/regex/Matcher;ILjava/lang/CharSequence;)Z @ 26 c2
Event: 5.019 Thread 0x0000022beca58210 DEOPT PACKING pc=0x0000022b87b6dbb0 sp=0x00000051d3bfcdf0
Event: 5.019 Thread 0x0000022beca58210 DEOPT UNPACKING pc=0x0000022b87584402 sp=0x00000051d3bfcdb8 mode 2
Event: 9.210 Thread 0x0000022beca58210 Uncommon trap: trap_request=0xffffffcc fr.pc=0x0000022b87bb1928 relative=0x0000000000000368
Event: 9.210 Thread 0x0000022beca58210 Uncommon trap: reason=intrinsic_or_type_checked_inlining action=make_not_entrant pc=0x0000022b87bb1928 method=java.util.Arrays.copyOf([Ljava/lang/Object;ILjava/lang/Class;)[Ljava/lang/Object; @ 35 c2
Event: 9.210 Thread 0x0000022beca58210 DEOPT PACKING pc=0x0000022b87bb1928 sp=0x00000051d3bfdb50
Event: 9.210 Thread 0x0000022beca58210 DEOPT UNPACKING pc=0x0000022b87584402 sp=0x00000051d3bfdaf8 mode 2
Event: 11.652 Thread 0x0000022beca58210 Uncommon trap: trap_request=0xffffffde fr.pc=0x0000022b87bb54ec relative=0x0000000000000fec
Event: 11.652 Thread 0x0000022beca58210 Uncommon trap: reason=class_check action=maybe_recompile pc=0x0000022b87bb54ec method=java.util.concurrent.ConcurrentHashMap.putVal(Ljava/lang/Object;Ljava/lang/Object;Z)Ljava/lang/Object; @ 242 c2
Event: 11.652 Thread 0x0000022beca58210 DEOPT PACKING pc=0x0000022b87bb54ec sp=0x00000051d3bfe400
Event: 11.652 Thread 0x0000022beca58210 DEOPT UNPACKING pc=0x0000022b87584402 sp=0x00000051d3bfe3a0 mode 2
Event: 11.659 Thread 0x0000022bd48bb1e0 Uncommon trap: trap_request=0xffffff45 fr.pc=0x0000022b87b5bc7c relative=0x00000000000009bc
Event: 11.659 Thread 0x0000022bd48bb1e0 Uncommon trap: reason=unstable_if action=reinterpret pc=0x0000022b87b5bc7c method=java.io.BufferedReader.implReadLine(Z[Z)Ljava/lang/String; @ 14 c2
Event: 11.659 Thread 0x0000022bd48bb1e0 DEOPT PACKING pc=0x0000022b87b5bc7c sp=0x00000051d4eff490
Event: 11.660 Thread 0x0000022bd48bb1e0 DEOPT UNPACKING pc=0x0000022b87584402 sp=0x00000051d4eff450 mode 2

Classes loaded (20 events):
Event: 9.217 Loading class java/text/FieldPosition$Delegate
Event: 9.217 Loading class java/text/FieldPosition$Delegate done
Event: 9.218 Loading class java/util/logging/Level$RbAccess
Event: 9.218 Loading class java/util/logging/Level$RbAccess done
Event: 9.218 Loading class sun/util/logging/resources/logging
Event: 9.218 Loading class sun/util/logging/resources/logging done
Event: 9.219 Loading class sun/util/logging/resources/logging_en
Event: 9.219 Loading class sun/util/logging/resources/logging_en done
Event: 9.219 Loading class sun/util/logging/resources/logging_en
Event: 9.219 Loading class sun/util/logging/resources/logging_en done
Event: 9.219 Loading class sun/util/logging/resources/logging_en_IN
Event: 9.219 Loading class sun/util/logging/resources/logging_en_IN done
Event: 9.219 Loading class sun/util/logging/resources/logging_en_IN
Event: 9.219 Loading class sun/util/logging/resources/logging_en_IN done
Event: 9.219 Loading class java/util/Formatter$DateTime
Event: 9.219 Loading class java/util/Formatter$DateTime done
Event: 9.220 Loading class java/time/ZonedDateTime$1
Event: 9.220 Loading class java/time/ZonedDateTime$1 done
Event: 11.653 Loading class jdk/internal/reflect/MethodHandleLongFieldAccessorImpl
Event: 11.654 Loading class jdk/internal/reflect/MethodHandleLongFieldAccessorImpl done

Classes unloaded (0 events):
No events

Classes redefined (0 events):
No events

Internal exceptions (20 events):
Event: 5.336 Thread 0x0000022beca58210 Exception <a 'java/lang/NoSuchMethodError'{0x0000000088cdc648}: 'java.lang.Object java.lang.invoke.DirectMethodHandle$Holder.invokeStaticInit(java.lang.Object, long, java.lang.Object)'> (0x0000000088cdc648) 
thrown [s\open\src\hotspot\share\interpreter\linkResolver.cpp, line 796]
Event: 5.386 Thread 0x0000022bd5ddd720 Exception <a 'java/net/ConnectException'{0x0000000088b49f40}: Connection refused: getsockopt> (0x0000000088b49f40) 
thrown [s\open\src\hotspot\share\prims\jni.cpp, line 539]
Event: 5.435 Thread 0x0000022bd5ddd720 Exception <a 'java/net/ConnectException'{0x0000000088b4b068}: Connection refused: getsockopt> (0x0000000088b4b068) 
thrown [s\open\src\hotspot\share\prims\jni.cpp, line 539]
Event: 5.465 Thread 0x0000022bd5ddd720 Exception <a 'java/net/ConnectException'{0x0000000088b4bf88}: Connection refused: getsockopt> (0x0000000088b4bf88) 
thrown [s\open\src\hotspot\share\prims\jni.cpp, line 539]
Event: 5.531 Thread 0x0000022beca58210 Exception <a 'java/lang/NoSuchMethodError'{0x0000000088bafd18}: 'double java.lang.invoke.DirectMethodHandle$Holder.invokeVirtual(java.lang.Object, java.lang.Object)'> (0x0000000088bafd18) 
thrown [s\open\src\hotspot\share\interpreter\linkResolver.cpp, line 796]
Event: 5.532 Thread 0x0000022beca58210 Exception <a 'java/lang/NoSuchMethodError'{0x0000000088bb60a8}: 'float java.lang.invoke.DirectMethodHandle$Holder.invokeVirtual(java.lang.Object, java.lang.Object)'> (0x0000000088bb60a8) 
thrown [s\open\src\hotspot\share\interpreter\linkResolver.cpp, line 796]
Event: 5.532 Thread 0x0000022beca58210 Exception <a 'java/lang/NoSuchMethodError'{0x0000000088bbe570}: 'long java.lang.invoke.DirectMethodHandle$Holder.invokeVirtual(java.lang.Object, java.lang.Object)'> (0x0000000088bbe570) 
thrown [s\open\src\hotspot\share\interpreter\linkResolver.cpp, line 796]
Event: 5.563 Thread 0x0000022beca58210 Exception <a 'java/lang/NoSuchMethodError'{0x0000000088aa3e80}: 'java.lang.Object java.lang.invoke.DirectMethodHandle$Holder.newInvokeSpecial(java.lang.Object, java.lang.Object, int, int)'> (0x0000000088aa3e80) 
thrown [s\open\src\hotspot\share\interpreter\linkResolver.cpp, line 796]
Event: 5.569 Thread 0x0000022beca58210 Exception <a 'java/lang/NoSuchMethodError'{0x0000000088aae808}: 'void java.lang.invoke.DirectMethodHandle$Holder.invokeStatic(java.lang.Object, java.lang.Object, int)'> (0x0000000088aae808) 
thrown [s\open\src\hotspot\share\interpreter\linkResolver.cpp, line 796]
Event: 5.630 Thread 0x0000022bd5ddddb0 Exception <a 'java/lang/NoSuchMethodError'{0x0000000088844888}: 'java.lang.Object java.lang.invoke.DirectMethodHandle$Holder.invokeSpecial(java.lang.Object, java.lang.Object, java.lang.Object, java.lang.Object, int)'> (0x0000000088844888) 
thrown [s\open\src\hotspot\share\interpreter\linkResolver.cpp, line 796]
Event: 5.630 Thread 0x0000022bd5ddddb0 Exception <a 'java/lang/NoSuchMethodError'{0x00000000888481e8}: 'java.lang.Object java.lang.invoke.Invokers$Holder.linkToTargetMethod(java.lang.Object, java.lang.Object, int, java.lang.Object)'> (0x00000000888481e8) 
thrown [s\open\src\hotspot\share\interpreter\linkResolver.cpp, line 796]
Event: 5.646 Thread 0x0000022bd5ddddb0 Exception <a 'java/lang/NoSuchMethodError'{0x0000000088888270}: 'void java.lang.invoke.DirectMethodHandle$Holder.invokeSpecial(java.lang.Object, java.lang.Object, java.lang.Object, java.lang.Object, java.lang.Object)'> (0x0000000088888270) 
thrown [s\open\src\hotspot\share\interpreter\linkResolver.cpp, line 796]
Event: 5.654 Thread 0x0000022bd5ddc370 Exception <a 'java/lang/NoSuchMethodError'{0x0000000088c05210}: 'int java.lang.invoke.DirectMethodHandle$Holder.invokeStatic(java.lang.Object, int, java.lang.Object)'> (0x0000000088c05210) 
thrown [s\open\src\hotspot\share\interpreter\linkResolver.cpp, line 796]
Event: 8.979 Thread 0x0000022bd5ddddb0 Exception <a 'java/lang/NoSuchMethodError'{0x000000008875a8a0}: 'java.lang.Object java.lang.invoke.DirectMethodHandle$Holder.newInvokeSpecial(java.lang.Object, java.lang.Object, long, java.lang.Object, java.lang.Object, java.lang.Object)'> (0x000000008875a8a0) 
thrown [s\open\src\hotspot\share\interpreter\linkResolver.cpp, line 796]
Event: 8.984 Thread 0x0000022bd5ddddb0 Exception <a 'java/lang/NoSuchMethodError'{0x0000000088771078}: 'void java.lang.invoke.DirectMethodHandle$Holder.invokeSpecial(java.lang.Object, java.lang.Object, java.lang.Object, java.lang.Object, java.lang.Object, java.lang.Object, java.lang.Object)'> (0x0000000088771078) 
thrown [s\open\src\hotspot\share\interpreter\linkResolver.cpp, line 796]
Event: 9.006 Thread 0x0000022beca58210 Exception <a 'java/lang/NoSuchMethodError'{0x00000000889dad38}: 'java.lang.Object java.lang.invoke.DirectMethodHandle$Holder.invokeSpecialIFC(java.lang.Object, java.lang.Object, java.lang.Object)'> (0x00000000889dad38) 
thrown [s\open\src\hotspot\share\interpreter\linkResolver.cpp, line 796]
Event: 9.218 Thread 0x0000022beca58210 Exception <a 'java/lang/ClassNotFoundException'{0x00000000884bc5c8}: sun/util/logging/resources/spi/loggingProvider> (0x00000000884bc5c8) 
thrown [s\open\src\hotspot\share\classfile\systemDictionary.cpp, line 313]
Event: 11.654 Thread 0x0000022beca58210 Exception <a 'java/lang/NoSuchMethodError'{0x0000000088364030}: 'long java.lang.invoke.DelegatingMethodHandle$Holder.reinvoke_L(java.lang.Object, java.lang.Object)'> (0x0000000088364030) 
thrown [s\open\src\hotspot\share\interpreter\linkResolver.cpp, line 796]
Event: 11.655 Thread 0x0000022beca58210 Exception <a 'java/lang/NoSuchMethodError'{0x000000008836dd90}: 'void java.lang.invoke.DelegatingMethodHandle$Holder.reinvoke_L(java.lang.Object, java.lang.Object, long)'> (0x000000008836dd90) 
thrown [s\open\src\hotspot\share\interpreter\linkResolver.cpp, line 796]
Event: 11.655 Thread 0x0000022beca58210 Exception <a 'java/lang/NoSuchMethodError'{0x00000000883745c0}: 'long java.lang.invoke.Invokers$Holder.invokeExact_MT(java.lang.Object, java.lang.Object, java.lang.Object)'> (0x00000000883745c0) 
thrown [s\open\src\hotspot\share\interpreter\linkResolver.cpp, line 796]

VM Operations (20 events):
Event: 3.159 Executing VM operation: HandshakeAllThreads (Deoptimize)
Event: 3.159 Executing VM operation: HandshakeAllThreads (Deoptimize) done
Event: 3.715 Executing VM operation: HandshakeAllThreads (Deoptimize)
Event: 3.715 Executing VM operation: HandshakeAllThreads (Deoptimize) done
Event: 3.795 Executing VM operation: HandshakeAllThreads (Deoptimize)
Event: 3.795 Executing VM operation: HandshakeAllThreads (Deoptimize) done
Event: 3.882 Executing VM operation: HandshakeAllThreads (Deoptimize)
Event: 3.882 Executing VM operation: HandshakeAllThreads (Deoptimize) done
Event: 3.970 Executing VM operation: HandshakeAllThreads (Deoptimize)
Event: 3.970 Executing VM operation: HandshakeAllThreads (Deoptimize) done
Event: 4.380 Executing VM operation: G1CollectForAllocation (G1 Evacuation Pause)
Event: 4.394 Executing VM operation: G1CollectForAllocation (G1 Evacuation Pause) done
Event: 4.444 Executing VM operation: HandshakeAllThreads (Deoptimize)
Event: 4.445 Executing VM operation: HandshakeAllThreads (Deoptimize) done
Event: 5.518 Executing VM operation: HandshakeAllThreads (Deoptimize)
Event: 5.518 Executing VM operation: HandshakeAllThreads (Deoptimize) done
Event: 8.612 Executing VM operation: HandshakeAllThreads (Deoptimize)
Event: 8.612 Executing VM operation: HandshakeAllThreads (Deoptimize) done
Event: 11.666 Executing VM operation: G1CollectForAllocation (G1 Evacuation Pause)
Event: 11.680 Executing VM operation: G1CollectForAllocation (G1 Evacuation Pause) done

Memory protections (0 events):
No events

Nmethod flushes (0 events):
No events

Events (20 events):
Event: 0.076 Thread 0x0000022beca58210 Thread added: 0x0000022bfc075630
Event: 0.077 Thread 0x0000022beca58210 Thread added: 0x0000022bfc0a03c0
Event: 0.337 Thread 0x0000022beca58210 Thread added: 0x0000022bd4115b10
Event: 0.343 Thread 0x0000022beca58210 Thread added: 0x0000022bd4128220
Event: 1.813 Thread 0x0000022beca58210 Thread added: 0x0000022bd48bb1e0
Event: 2.828 Thread 0x0000022beca58210 Thread added: 0x0000022bd51e8a10
Event: 2.832 Thread 0x0000022beca58210 Thread added: 0x0000022bd5133300
Event: 4.955 Thread 0x0000022beca58210 Thread added: 0x0000022bd5ddc370
Event: 5.344 Thread 0x0000022beca58210 Thread added: 0x0000022bd5ddb650
Event: 5.368 Thread 0x0000022beca58210 Thread added: 0x0000022bd5ddbce0
Event: 5.368 Thread 0x0000022beca58210 Thread added: 0x0000022bd5dde440
Event: 5.374 Thread 0x0000022bd5ddbce0 Thread added: 0x0000022bd5ddd720
Event: 5.517 Thread 0x0000022bd5ddd720 Thread added: 0x0000022bd5ddca00
Event: 5.617 Thread 0x0000022beca58210 Thread added: 0x0000022bd5ddddb0
Event: 5.659 Thread 0x0000022bd5ddc370 Thread added: 0x0000022bd5ddd090
Event: 5.659 Thread 0x0000022bd5ddc370 Thread added: 0x0000022bd5ddafc0
Event: 9.069 Thread 0x0000022beca58210 Thread added: 0x0000022bd56e1780
Event: 9.070 Thread 0x0000022beca58210 Thread added: 0x0000022bd56e1e10
Event: 9.116 Thread 0x0000022bd56e1780 Thread added: 0x0000022bd56e24a0
Event: 9.116 Thread 0x0000022bd56e1780 Thread added: 0x0000022bd56e6640


Dynamic libraries:
0x00007ff771600000 - 0x00007ff771610000 	C:\Program Files\Java\jdk-23\bin\javaw.exe
0x00007ffe4b090000 - 0x00007ffe4b288000 	C:\Windows\SYSTEM32\ntdll.dll
0x00007ffe4af60000 - 0x00007ffe4b021000 	C:\Windows\System32\KERNEL32.DLL
0x00007ffe48960000 - 0x00007ffe48c5d000 	C:\Windows\System32\KERNELBASE.dll
0x00007ffe487f0000 - 0x00007ffe488f0000 	C:\Windows\System32\ucrtbase.dll
0x00007ffe30fc0000 - 0x00007ffe30fd7000 	C:\Program Files\Java\jdk-23\bin\jli.dll
0x00007ffe4a810000 - 0x00007ffe4a9ad000 	C:\Windows\System32\USER32.dll
0x00007ffe48d00000 - 0x00007ffe48d22000 	C:\Windows\System32\win32u.dll
0x00007ffe4ab60000 - 0x00007ffe4ab8b000 	C:\Windows\System32\GDI32.dll
0x00007ffe37910000 - 0x00007ffe3792b000 	C:\Program Files\Java\jdk-23\bin\VCRUNTIME140.dll
0x00007ffe48f20000 - 0x00007ffe49037000 	C:\Windows\System32\gdi32full.dll
0x00007ffe48c60000 - 0x00007ffe48cfd000 	C:\Windows\System32\msvcp_win.dll
0x00007ffe36010000 - 0x00007ffe362aa000 	C:\Windows\WinSxS\amd64_microsoft.windows.common-controls_6595b64144ccf1df_6.0.19041.4355_none_60b8b9eb71f62e16\COMCTL32.dll
0x00007ffe493d0000 - 0x00007ffe4946e000 	C:\Windows\System32\msvcrt.dll
0x00007ffe4ae50000 - 0x00007ffe4ae7f000 	C:\Windows\System32\IMM32.DLL
0x00007ffe41fc0000 - 0x00007ffe41fcc000 	C:\Program Files\Java\jdk-23\bin\vcruntime140_1.dll
0x00007ffe26a50000 - 0x00007ffe26ade000 	C:\Program Files\Java\jdk-23\bin\msvcp140.dll
0x00007ffdfe090000 - 0x00007ffdfeddf000 	C:\Program Files\Java\jdk-23\bin\server\jvm.dll
0x00007ffe49940000 - 0x00007ffe499f0000 	C:\Windows\System32\ADVAPI32.dll
0x00007ffe49170000 - 0x00007ffe49210000 	C:\Windows\System32\sechost.dll
0x00007ffe4ab90000 - 0x00007ffe4acb3000 	C:\Windows\System32\RPCRT4.dll
0x00007ffe49090000 - 0x00007ffe490b7000 	C:\Windows\System32\bcrypt.dll
0x00007ffe4aaf0000 - 0x00007ffe4ab5b000 	C:\Windows\System32\WS2_32.dll
0x00007ffe485a0000 - 0x00007ffe485eb000 	C:\Windows\SYSTEM32\POWRPROF.dll
0x00007ffe34ce0000 - 0x00007ffe34d07000 	C:\Windows\SYSTEM32\WINMM.dll
0x00007ffe41fb0000 - 0x00007ffe41fba000 	C:\Windows\SYSTEM32\VERSION.dll
0x00007ffe48580000 - 0x00007ffe48592000 	C:\Windows\SYSTEM32\UMPDC.dll
0x00007ffe46f60000 - 0x00007ffe46f72000 	C:\Windows\SYSTEM32\kernel.appcore.dll
0x00007ffe41270000 - 0x00007ffe4127a000 	C:\Program Files\Java\jdk-23\bin\jimage.dll
0x00007ffe464a0000 - 0x00007ffe46684000 	C:\Windows\SYSTEM32\DBGHELP.DLL
0x00007ffe28320000 - 0x00007ffe28354000 	C:\Windows\SYSTEM32\dbgcore.DLL
0x00007ffe48d30000 - 0x00007ffe48db2000 	C:\Windows\System32\bcryptPrimitives.dll
0x00007ffe30e50000 - 0x00007ffe30e6e000 	C:\Program Files\Java\jdk-23\bin\java.dll
0x00007ffe4acc0000 - 0x00007ffe4adeb000 	C:\Windows\System32\ole32.dll
0x00007ffe49c70000 - 0x00007ffe49fc3000 	C:\Windows\System32\combase.dll
0x00007ffe49fd0000 - 0x00007ffe4a73f000 	C:\Windows\System32\SHELL32.dll
0x00007ffe467a0000 - 0x00007ffe46f43000 	C:\Windows\SYSTEM32\windows.storage.dll
0x00007ffe480a0000 - 0x00007ffe480ce000 	C:\Windows\SYSTEM32\Wldp.dll
0x00007ffe4a740000 - 0x00007ffe4a80d000 	C:\Windows\System32\OLEAUT32.dll
0x00007ffe4aa40000 - 0x00007ffe4aaed000 	C:\Windows\System32\SHCORE.dll
0x00007ffe49c00000 - 0x00007ffe49c55000 	C:\Windows\System32\shlwapi.dll
0x00007ffe48670000 - 0x00007ffe48694000 	C:\Windows\SYSTEM32\profapi.dll
0x00007ffe260e0000 - 0x00007ffe261b7000 	C:\Program Files\Java\jdk-23\bin\jsvml.dll
0x00007ffe41050000 - 0x00007ffe41060000 	C:\Program Files\Java\jdk-23\bin\net.dll
0x00007ffe47e00000 - 0x00007ffe47e6a000 	C:\Windows\system32\mswsock.dll
0x00007ffe30870000 - 0x00007ffe30886000 	C:\Program Files\Java\jdk-23\bin\nio.dll
0x00007ffe2f1d0000 - 0x00007ffe2f1e7000 	C:\Program Files\Java\jdk-23\bin\zip.dll
0x00007ffe47b20000 - 0x00007ffe47bea000 	C:\Windows\SYSTEM32\DNSAPI.dll
0x00007ffe47ae0000 - 0x00007ffe47b1b000 	C:\Windows\SYSTEM32\IPHLPAPI.DLL
0x00007ffe49bf0000 - 0x00007ffe49bf8000 	C:\Windows\System32\NSI.dll
0x00007ffe36740000 - 0x00007ffe3674a000 	C:\Windows\System32\rasadhlp.dll
0x00007ffe36860000 - 0x00007ffe368e0000 	C:\Windows\System32\fwpuclnt.dll
0x00007ffe41060000 - 0x00007ffe41069000 	C:\Program Files\Java\jdk-23\bin\extnet.dll
0x00007ffe47ff0000 - 0x00007ffe48008000 	C:\Windows\SYSTEM32\CRYPTSP.dll
0x00007ffe47720000 - 0x00007ffe47754000 	C:\Windows\system32\rsaenh.dll
0x00007ffe48630000 - 0x00007ffe4865e000 	C:\Windows\SYSTEM32\USERENV.dll
0x00007ffe48010000 - 0x00007ffe4801c000 	C:\Windows\SYSTEM32\CRYPTBASE.dll
0x00007ffe40e70000 - 0x00007ffe40e80000 	C:\Program Files\Java\jdk-23\bin\verify.dll
0x00007ffe41070000 - 0x00007ffe4107e000 	C:\Program Files\Java\jdk-23\bin\sunmscapi.dll
0x00007ffe48dc0000 - 0x00007ffe48f1c000 	C:\Windows\System32\CRYPT32.dll
0x00007ffe48110000 - 0x00007ffe48139000 	C:\Windows\SYSTEM32\ncrypt.dll
0x00007ffe480d0000 - 0x00007ffe4810b000 	C:\Windows\SYSTEM32\NTASN1.dll
0x00007ffe430e0000 - 0x00007ffe430e7000 	C:\Windows\system32\wshunix.dll

dbghelp: loaded successfully - version: 4.0.5 - missing functions: none
symbol engine: initialized successfully - sym options: 0x614 - pdb path: .;C:\Program Files\Java\jdk-23\bin;C:\Windows\SYSTEM32;C:\Windows\WinSxS\amd64_microsoft.windows.common-controls_6595b64144ccf1df_6.0.19041.4355_none_60b8b9eb71f62e16;C:\Program Files\Java\jdk-23\bin\server

VM Arguments:
jvm_args: -ea -Dfile.encoding=UTF-8 -Dstdout.encoding=UTF-8 -Dstderr.encoding=UTF-8 -XX:+ShowCodeDetailsInExceptionMessages 
java_command: org.testng.remote.RemoteTestNG -serport 55637 -protocol json -d C:\Users\TECQNIO\eclipse-workspace\com.ksp\test-output C:\Users\TECQNIO\eclipse-workspace\com.ksp\testng.xml
java_class_path (initial): C:\Users\TECQNIO\eclipse\java-2024-09\eclipse\configuration\org.eclipse.osgi\524\0\.cp\lib\testng-remote.jar;C:\Users\TECQNIO\eclipse-workspace\com.ksp\target\test-classes;C:\Users\TECQNIO\eclipse-workspace\com.ksp\target\classes;C:\Users\TECQNIO\.m2\repository\org\seleniumhq\selenium\selenium-java\4.23.0\selenium-java-4.23.0.jar;C:\Users\TECQNIO\.m2\repository\org\seleniumhq\selenium\selenium-api\4.23.0\selenium-api-4.23.0.jar;C:\Users\TECQNIO\.m2\repository\org\seleniumhq\selenium\selenium-chrome-driver\4.23.0\selenium-chrome-driver-4.23.0.jar;C:\Users\TECQNIO\.m2\repository\com\google\auto\service\auto-service-annotations\1.1.1\auto-service-annotations-1.1.1.jar;C:\Users\TECQNIO\.m2\repository\org\seleniumhq\selenium\selenium-chromium-driver\4.23.0\selenium-chromium-driver-4.23.0.jar;C:\Users\TECQNIO\.m2\repository\org\seleniumhq\selenium\selenium-json\4.23.0\selenium-json-4.23.0.jar;C:\Users\TECQNIO\.m2\repository\org\seleniumhq\selenium\selenium-manager\4.23.0\selenium-manager-4.23.0.jar;C:\Users\TECQNIO\.m2\repository\org\seleniumhq\selenium\selenium-devtools-v125\4.23.0\selenium-devtools-v125-4.23.0.jar;C:\Users\TECQNIO\.m2\repository\org\seleniumhq\selenium\selenium-devtools-v126\4.23.0\selenium-devtools-v126-4.23.0.jar;C:\Users\TECQNIO\.m2\repository\org\seleniumhq\selenium\selenium-devtools-v127\4.23.0\selenium-devtools-v127-4.23.0.jar;C:\Users\TECQNIO\.m2\repository\org\seleniumhq\selenium\selenium-devtools-v85\4.23.0\selenium-devtools-v85-4.23.0.jar;C:\Users\TECQNIO\.m2\repository\org\seleniumhq\selenium\selenium-edge-driver\4.23.0\selenium-edge-driver-4.23.0.jar;C:\Users\TECQNIO\.m2\repository\org\seleniumhq\selenium\selenium-firefox-driver\4.23.0\selenium-firefox-driver-4.23.0.jar;C:\Users\TECQNIO\.m2\repository\org\seleniumhq\selenium\selenium-http\4.23.0\selenium-http-4.23.0.jar;C:\Users\TECQNIO\.m2\repository\dev\failsafe\failsafe\3.3.2\failsafe-3.3.2.jar;C:\Users\TECQNIO\.m2\repository\org\seleniumhq\selenium\selenium-ie-driver\4.23.0\selenium-ie-driver-4.23.0.jar;C:\Users\TECQNIO\.m2\repository\org\seleniumhq\selenium\selenium-remote-driver\4.23.0\selenium-remote-driver-4.23.0.jar;C:\Users\TECQNIO\.m2\repository\com\google\guava\guava\33.2.1-jre\guava-33.2.1-jre.jar;C:\Users\TECQNIO\.m2\repository\com\google\guava\failureaccess\1.0.2\failureaccess-1.0.2.jar;C:\Users\TECQNIO\.m2\repository\com\google\guava\listenablefuture\9999.0-empty-to-avoid-conflict-with-guava\listenablefuture-9999.0-empty-to-avoid-conflict-with-guava.jar;C:\Users\TECQNIO\.m2\repository\com\google\code\findbugs\jsr305\3.0.2\jsr305-3.0.2.jar;C:\Users\TECQNIO\.m2\repository\org\checkerframework\checker-qual\3.42.0\checker-qual-3.42.0.jar;C:\Users\TECQNIO\.m2\repository\com\google\errorprone\error_prone_annotations\2.26.1\error_prone_annotations-2.26.1.jar;C:\Users\TECQNIO\.m2\repository\com\google\j2objc\j2objc-annotations\3.0.0\j2objc-annotations-3.0.0.jar;C:\Users\TECQNIO\.m2\repository\io\opentelemetry\semconv\opentelemetry-semconv\1.25.0-alpha\opentelemetry-semconv-1.25.0-alpha.jar;C:\Users\TECQNIO\.m2\repository\io\opentelemetry\opentelemetry-api\1.40.0\opentelemetry-api-1.40.0.jar;C:\Users\TECQNIO\.m2\repository\io\opentelemetry\opentelemetry-context\1.40.0\opentelemetry-context-1.40.0.jar;C:\Users\TECQNIO\.m2\repository\io\opentelemetry\opentelemetry-exporter-logging\1.40.0\opentelemetry-exporter-logging-1.40.0.jar;C:\Users\TECQNIO\.m2\repository\io\opentelemetry\opentelemetry-sdk-common\1.40.0\opentelemetry-sdk-common-1.40.0.jar;C:\Users\TECQNIO\.m2\repository\io\opentelemetry\opentelemetry-sdk-extension-autoconfigure-spi\1.40.0\opentelemetry-sdk-extension-autoconfigure-spi-1.40.0.jar;C:\Users\TECQNIO\.m2\repository\io\opentelemetry\opentelemetry-sdk-extension-autoconfigure\1.40.0\opentelemetry-sdk-extension-autoconfigure-1.40.0.jar;C:\Users\TECQNIO\.m2\repository\io\opentelemetry\opentelemetry-api-incubator\1.40.0-alpha\opentelemetry-api-incubator-1.40.0-alpha.jar;C:\Users\TECQNIO\.m2\repository\io\opentelemetry\opentelemetry-sdk-trace\1.40.0\opentelemetry-sdk-trace-1.40.0.jar;C:\Users\TECQNIO\.m2\repository\io\opentelemetry\opentelemetry-sdk\1.40.0\opentelemetry-sdk-1.40.0.jar;C:\Users\TECQNIO\.m2\repository\io\opentelemetry\opentelemetry-sdk-metrics\1.40.0\opentelemetry-sdk-metrics-1.40.0.jar;C:\Users\TECQNIO\.m2\repository\io\opentelemetry\opentelemetry-sdk-logs\1.40.0\opentelemetry-sdk-logs-1.40.0.jar;C:\Users\TECQNIO\.m2\repository\net\bytebuddy\byte-buddy\1.14.18\byte-buddy-1.14.18.jar;C:\Users\TECQNIO\.m2\repository\org\seleniumhq\selenium\selenium-os\4.23.0\selenium-os-4.23.0.jar;C:\Users\TECQNIO\.m2\repository\org\apache\commons\commons-exec\1.4.0\commons-exec-1.4.0.jar;C:\Users\TECQNIO\.m2\repository\org\seleniumhq\selenium\selenium-safari-driver\4.23.0\selenium-safari-driver-4.23.0.jar;C:\Users\TECQNIO\.m2\repository\org\seleniumhq\selenium\selenium-support\4.23.0\selenium-support-4.23.0.jar;C:\Users\TECQNIO\.m2\repository\io\github\bonigarcia\webdrivermanager\5.8.0\webdrivermanager-5.8.0.jar;C:\Users\TECQNIO\.m2\repository\org\slf4j\slf4j-api\2.0.12\slf4j-api-2.0.12.jar;C:\Users\TECQNIO\.m2\repository\com\google\code\gson\gson\2.10.1\gson-2.10.1.jar;C:\Users\TECQNIO\.m2\repository\com\github\docker-java\docker-java\3.3.6\docker-java-3.3.6.jar;C:\Users\TECQNIO\.m2\repository\com\github\docker-java\docker-java-core\3.3.6\docker-java-core-3.3.6.jar;C:\Users\TECQNIO\.m2\repository\com\github\docker-java\docker-java-api\3.3.6\docker-java-api-3.3.6.jar;C:\Users\TECQNIO\.m2\repository\com\fasterxml\jackson\core\jackson-annotations\2.10.3\jackson-annotations-2.10.3.jar;C:\Users\TECQNIO\.m2\repository\com\fasterxml\jackson\core\jackson-databind\2.10.3\jackson-databind-2.10.3.jar;C:\Users\TECQNIO\.m2\repository\com\fasterxml\jackson\core\jackson-core\2.10.3\jackson-core-2.10.3.jar;C:\Users\TECQNIO\.m2\repository\org\bouncycastle\bcpkix-jdk18on\1.76\bcpkix-jdk18on-1.76.jar;C:\Users\TECQNIO\.m2\repository\org\bouncycastle\bcprov-jdk18on\1.76\bcprov-jdk18on-1.76.jar;C:\Users\TECQNIO\.m2\repository\org\bouncycastle\bcutil-jdk18on\1.76\bcutil-jdk18on-1.76.jar;C:\Users\TECQNIO\.m2\repository\org\slf4j\jcl-over-slf4j\1.7.30\jcl-over-slf4j-1.7.30.jar;C:\Users\TECQNIO\.m2\repository\com\github\docker-java\docker-java-transport-httpclient5\3.3.6\docker-java-transport-httpclient5-3.3.6.jar;C:\Users\TECQNIO\.m2\repository\com\github\docker-java\docker-java-transport\3.3.6\docker-java-transport-3.3.6.jar;C:\Users\TECQNIO\.m2\repository\net\java\dev\jna\jna\5.13.0\jna-5.13.0.jar;C:\Users\TECQNIO\.m2\repository\org\brotli\dec\0.1.2\dec-0.1.2.jar;C:\Users\TECQNIO\.m2\repository\org\apache\commons\commons-lang3\3.14.0\commons-lang3-3.14.0.jar;C:\Users\TECQNIO\.m2\repository\org\apache\commons\commons-compress\1.26.1\commons-compress-1.26.1.jar;C:\Users\TECQNIO\.m2\repository\commons-codec\commons-codec\1.16.1\commons-codec-1.16.1.jar;C:\Users\TECQNIO\.m2\repository\commons-io\commons-io\2.15.1\commons-io-2.15.1.jar;C:\Users\TECQNIO\.m2\repository\org\apache\httpcomponents\client5\httpclient5\5.2.1\httpclient5-5.2.1.jar;C:\Users\TECQNIO\.m2\repository\org\apache\httpcomponents\core5\httpcore5\5.2\httpcore5-5.2.jar;C:\Users\TECQNIO\.m2\repository\org\apache\httpcomponents\core5\httpcore5-h2\5.2\httpcore5-h2-5.2.jar;C:\Users\TECQNIO\.m2\repository\org\testng\testng\7.10.2\testng-7.10.2.jar;C:\Users\TECQNIO\.m2\repository\com\beust\jcommander\1.82\jcommander-1.82.jar;C:\Users\TECQNIO\.m2\repository\org\webjars\jquery\3.7.1\jquery-3.7.1.jar;C:\Users\TECQNIO\.m2\repository\org\junit\jupiter\junit-jupiter-api\5.11.0\junit-jupiter-api-5.11.0.jar;C:\Users\TECQNIO\.m2\repository\org\opentest4j\opentest4j\1.3.0\opentest4j-1.3.0.jar;C:\Users\TECQNIO\.m2\repository\org\junit\platform\junit-platform-commons\1.11.0\junit-platform-commons-1.11.0.jar;C:\Users\TECQNIO\.m2\repository\org\apiguardian\apiguardian-api\1.1.2\apiguardian-api-1.1.2.jar;C:\Users\TECQNIO\.m2\repository\org\junit\jupiter\junit-jupiter-params\5.11.0\junit-jupiter-params-5.11.0.jar
Launcher Type: SUN_STANDARD

[Global flags]
     intx CICompilerCount                          = 3                                         {product} {ergonomic}
     uint ConcGCThreads                            = 1                                         {product} {ergonomic}
     uint G1ConcRefinementThreads                  = 4                                         {product} {ergonomic}
   size_t G1HeapRegionSize                         = 1048576                                   {product} {ergonomic}
   size_t InitialHeapSize                          = 134217728                                 {product} {ergonomic}
   size_t MarkStackSize                            = 4194304                                   {product} {ergonomic}
   size_t MarkStackSizeMax                         = 536870912                                 {product} {ergonomic}
   size_t MaxHeapSize                              = 2118123520                                {product} {ergonomic}
   size_t MaxNewSize                               = 1270874112                                {product} {ergonomic}
   size_t MinHeapDeltaBytes                        = 1048576                                   {product} {ergonomic}
   size_t MinHeapSize                              = 8388608                                   {product} {ergonomic}
    uintx NonNMethodCodeHeapSize                   = 5832704                                {pd product} {ergonomic}
    uintx NonProfiledCodeHeapSize                  = 122945536                              {pd product} {ergonomic}
    uintx ProfiledCodeHeapSize                     = 122880000                              {pd product} {ergonomic}
    uintx ReservedCodeCacheSize                    = 251658240                              {pd product} {ergonomic}
     bool SegmentedCodeCache                       = true                                      {product} {ergonomic}
     bool ShowCodeDetailsInExceptionMessages       = true                                   {manageable} {command line}
   size_t SoftMaxHeapSize                          = 2118123520                             {manageable} {ergonomic}
     bool UseCompressedOops                        = true                           {product lp64_product} {ergonomic}
     bool UseG1GC                                  = true                                      {product} {ergonomic}
     bool UseLargePagesIndividualAllocation        = false                                  {pd product} {ergonomic}

Logging:
Log output configuration:
 #0: stdout all=warning uptime,level,tags foldmultilines=false
 #1: stderr all=off uptime,level,tags foldmultilines=false

Environment Variables:
PATH=C:\Program Files\Common Files\Oracle\Java\javapath;C:\Windows\system32;C:\Windows;C:\Windows\System32\Wbem;C:\Windows\System32\WindowsPowerShell\v1.0\;C:\Windows\System32\OpenSSH\;C:\Program Files\nodejs\;E:\Tizen\tools\ide\bin;C:\Users\TECQNIO\AppData\Local\Microsoft\WindowsApps;C:\ADB\platform-tools-latest-windows\platform-tools;C:\Users\TECQNIO\AppData\Local\Programs\Microsoft VS Code\bin;C:\Users\TECQNIO\AppData\Roaming\npm
USERNAME=TECQNIO
OS=Windows_NT
PROCESSOR_IDENTIFIER=Intel64 Family 6 Model 142 Stepping 9, GenuineIntel
TMP=C:\Users\TECQNIO\AppData\Local\Temp
TEMP=C:\Users\TECQNIO\AppData\Local\Temp




Periodic native trim disabled

---------------  S Y S T E M  ---------------

OS:
 Windows 10 , 64 bit Build 19041 (10.0.19041.4842)
OS uptime: 24 days 2:01 hours

CPU: total 4 (initial active 4) (2 cores per cpu, 2 threads per core) family 6 model 142 stepping 9 microcode 0xf6, cx8, cmov, fxsr, ht, mmx, 3dnowpref, sse, sse2, sse3, ssse3, sse4.1, sse4.2, popcnt, lzcnt, tsc, tscinvbit, avx, avx2, aes, erms, clmul, bmi1, bmi2, rtm, adx, fma, vzeroupper, clflush, clflushopt, rdtscp, f16c
Processor Information for the first 4 processors :
  Max Mhz: 2701, Current Mhz: 2701, Mhz Limit: 2701

Memory: 4k page, system-wide physical 8073M (137M free)
TotalPageFile size 24322M (AvailPageFile size 0M)
current process WorkingSet (physical memory assigned to process): 135M, peak: 143M
current process commit charge ("private bytes"): 242M, peak: 257M

vm_info: Java HotSpot(TM) 64-Bit Server VM (23+37-2369) for windows-amd64 JRE (23+37-2369), built on 2024-08-20T16:01:23Z with MS VC++ 17.6 (VS2022)

END.
